[    0.000000] Initializing cgroup subsys cpuset
[    0.000000] Initializing cgroup subsys cpu
[    0.000000] Initializing cgroup subsys cpuacct
[    0.000000] Linux version 4.4.0-79-generic (buildd@lcy01-30) (gcc version 5.4.0 20160609 (Ubuntu 5.4.0-6ubuntu1~16.04.4) ) #100-Ubuntu SMP Wed May 17 19:58:14 UTC 2017 (Ubuntu 4.4.0-79.100-generic 4.4.67)
[    0.000000] Command line: BOOT_IMAGE=/boot/vmlinuz-4.4.0-79-generic root=LABEL=cloudimg-rootfs ro console=tty1 console=ttyS0
[    0.000000] KERNEL supported cpus:
[    0.000000]   Intel GenuineIntel
[    0.000000]   AMD AuthenticAMD
[    0.000000]   Centaur CentaurHauls
[    0.000000] x86/fpu: xstate_offset[2]:  576, xstate_sizes[2]:  256
[    0.000000] x86/fpu: Supporting XSAVE feature 0x01: 'x87 floating point registers'
[    0.000000] x86/fpu: Supporting XSAVE feature 0x02: 'SSE registers'
[    0.000000] x86/fpu: Supporting XSAVE feature 0x04: 'AVX registers'
[    0.000000] x86/fpu: Enabled xstate features 0x7, context size is 832 bytes, using 'standard' format.
[    0.000000] x86/fpu: Using 'lazy' FPU context switches.
[    0.000000] e820: BIOS-provided physical RAM map:
[    0.000000] BIOS-e820: [mem 0x0000000000000000-0x000000000009fbff] usable
[    0.000000] BIOS-e820: [mem 0x000000000009fc00-0x000000000009ffff] reserved
[    0.000000] BIOS-e820: [mem 0x00000000000f0000-0x00000000000fffff] reserved
[    0.000000] BIOS-e820: [mem 0x0000000000100000-0x000000003ffeffff] usable
[    0.000000] BIOS-e820: [mem 0x000000003fff0000-0x000000003fffffff] ACPI data
[    0.000000] BIOS-e820: [mem 0x00000000fec00000-0x00000000fec00fff] reserved
[    0.000000] BIOS-e820: [mem 0x00000000fee00000-0x00000000fee00fff] reserved
[    0.000000] BIOS-e820: [mem 0x00000000fffc0000-0x00000000ffffffff] reserved
[    0.000000] NX (Execute Disable) protection: active
[    0.000000] SMBIOS 2.5 present.
[    0.000000] Hypervisor detected: KVM
[    0.000000] e820: last_pfn = 0x3fff0 max_arch_pfn = 0x400000000
[    0.000000] MTRR: Disabled
[    0.000000] x86/PAT: MTRRs disabled, skipping PAT initialization too.
[    0.000000] x86/PAT: Configuration [0-7]: WB  WT  UC- UC  WB  WT  UC- UC  
[    0.000000] CPU MTRRs all blank - virtualized system.
[    0.000000] found SMP MP-table at [mem 0x0009fff0-0x0009ffff] mapped at [ffff88000009fff0]
[    0.000000] Scanning 1 areas for low memory corruption
[    0.000000] RAMDISK: [mem 0x36ad0000-0x3755ffff]
[    0.000000] ACPI: Early table checksum verification disabled
[    0.000000] ACPI: RSDP 0x00000000000E0000 000024 (v02 VBOX  )
[    0.000000] ACPI: XSDT 0x000000003FFF0030 00003C (v01 VBOX   VBOXXSDT 00000001 ASL  00000061)
[    0.000000] ACPI: FACP 0x000000003FFF00F0 0000F4 (v04 VBOX   VBOXFACP 00000001 ASL  00000061)
[    0.000000] ACPI: DSDT 0x000000003FFF0470 0021C8 (v02 VBOX   VBOXBIOS 00000002 INTL 20100528)
[    0.000000] ACPI: FACS 0x000000003FFF0200 000040
[    0.000000] ACPI: FACS 0x000000003FFF0200 000040
[    0.000000] ACPI: APIC 0x000000003FFF0240 00005C (v02 VBOX   VBOXAPIC 00000001 ASL  00000061)
[    0.000000] ACPI: SSDT 0x000000003FFF02A0 0001CC (v01 VBOX   VBOXCPUT 00000002 INTL 20100528)
[    0.000000] No NUMA configuration found
[    0.000000] Faking a node at [mem 0x0000000000000000-0x000000003ffeffff]
[    0.000000] NODE_DATA(0) allocated [mem 0x3ffeb000-0x3ffeffff]
[    0.000000] kvm-clock: Using msrs 4b564d01 and 4b564d00
[    0.000000] kvm-clock: cpu 0, msr 0:3ffe3001, primary cpu clock
[    0.000000] kvm-clock: using sched offset of 3089876926 cycles
[    0.000000] clocksource: kvm-clock: mask: 0xffffffffffffffff max_cycles: 0x1cd42e4dffb, max_idle_ns: 881590591483 ns
[    0.000000] Zone ranges:
[    0.000000]   DMA      [mem 0x0000000000001000-0x0000000000ffffff]
[    0.000000]   DMA32    [mem 0x0000000001000000-0x000000003ffeffff]
[    0.000000]   Normal   empty
[    0.000000]   Device   empty
[    0.000000] Movable zone start for each node
[    0.000000] Early memory node ranges
[    0.000000]   node   0: [mem 0x0000000000001000-0x000000000009efff]
[    0.000000]   node   0: [mem 0x0000000000100000-0x000000003ffeffff]
[    0.000000] Initmem setup node 0 [mem 0x0000000000001000-0x000000003ffeffff]
[    0.000000] ACPI: PM-Timer IO Port: 0x4008
[    0.000000] IOAPIC[0]: apic_id 2, version 32, address 0xfec00000, GSI 0-23
[    0.000000] ACPI: INT_SRC_OVR (bus 0 bus_irq 0 global_irq 2 dfl dfl)
[    0.000000] ACPI: INT_SRC_OVR (bus 0 bus_irq 9 global_irq 9 high level)
[    0.000000] Using ACPI (MADT) for SMP configuration information
[    0.000000] smpboot: Allowing 2 CPUs, 0 hotplug CPUs
[    0.000000] PM: Registered nosave memory: [mem 0x00000000-0x00000fff]
[    0.000000] PM: Registered nosave memory: [mem 0x0009f000-0x0009ffff]
[    0.000000] PM: Registered nosave memory: [mem 0x000a0000-0x000effff]
[    0.000000] PM: Registered nosave memory: [mem 0x000f0000-0x000fffff]
[    0.000000] e820: [mem 0x40000000-0xfebfffff] available for PCI devices
[    0.000000] Booting paravirtualized kernel on KVM
[    0.000000] clocksource: refined-jiffies: mask: 0xffffffff max_cycles: 0xffffffff, max_idle_ns: 7645519600211568 ns
[    0.000000] setup_percpu: NR_CPUS:512 nr_cpumask_bits:512 nr_cpu_ids:2 nr_node_ids:1
[    0.000000] PERCPU: Embedded 33 pages/cpu @ffff88003fc00000 s98264 r8192 d28712 u1048576
[    0.000000] PV qspinlock hash table entries: 256 (order: 0, 4096 bytes)
[    0.000000] Built 1 zonelists in Node order, mobility grouping on.  Total pages: 257913
[    0.000000] Policy zone: DMA32
[    0.000000] Kernel command line: BOOT_IMAGE=/boot/vmlinuz-4.4.0-79-generic root=LABEL=cloudimg-rootfs ro console=tty1 console=ttyS0
[    0.000000] PID hash table entries: 4096 (order: 3, 32768 bytes)
[    0.000000] Memory: 1001764K/1048120K available (8469K kernel code, 1294K rwdata, 3984K rodata, 1484K init, 1316K bss, 46356K reserved, 0K cma-reserved)
[    0.000000] SLUB: HWalign=64, Order=0-3, MinObjects=0, CPUs=2, Nodes=1
[    0.000000] Hierarchical RCU implementation.
[    0.000000] 	Build-time adjustment of leaf fanout to 64.
[    0.000000] 	RCU restricting CPUs from NR_CPUS=512 to nr_cpu_ids=2.
[    0.000000] RCU: Adjusting geometry for rcu_fanout_leaf=64, nr_cpu_ids=2
[    0.000000] NR_IRQS:33024 nr_irqs:440 16
[    0.000000] Console: colour VGA+ 80x25
[    0.000000] console [tty1] enabled
[    0.000000] console [ttyS0] enabled
[    0.000000] tsc: Detected 1995.381 MHz processor
[   10.461462] Calibrating delay loop (skipped) preset value.. 3990.76 BogoMIPS (lpj=7981524)
[   10.618602] pid_max: default: 32768 minimum: 301
[   10.690275] ACPI: Core revision 20150930
[   10.767659] ACPI: 2 ACPI AML tables successfully acquired and loaded
[   10.854859] Security Framework initialized
[   10.921988] Yama: becoming mindful.
[   10.981122] AppArmor: AppArmor initialized
[   11.049240] Dentry cache hash table entries: 131072 (order: 8, 1048576 bytes)
[   11.147626] Inode-cache hash table entries: 65536 (order: 7, 524288 bytes)
[   11.265421] Mount-cache hash table entries: 2048 (order: 2, 16384 bytes)
[   11.330913] Mountpoint-cache hash table entries: 2048 (order: 2, 16384 bytes)
[   11.441673] Initializing cgroup subsys io
[   11.490973] Initializing cgroup subsys memory
[   11.522274] Initializing cgroup subsys devices
[   11.572641] Initializing cgroup subsys freezer
[   11.650407] Initializing cgroup subsys net_cls
[   11.721452] Initializing cgroup subsys perf_event
[   11.785816] Initializing cgroup subsys net_prio
[   11.835928] Initializing cgroup subsys hugetlb
[   11.889773] Initializing cgroup subsys pids
[   11.969044] CPU: Physical Processor ID: 0
[   12.030512] CPU: Processor Core ID: 0
[   12.087976] mce: CPU supports 0 MCE banks
[   12.148608] Last level iTLB entries: 4KB 1024, 2MB 1024, 4MB 1024
[   12.272247] Last level dTLB entries: 4KB 1024, 2MB 1024, 4MB 1024, 1GB 4
[   12.373531] Freeing SMP alternatives memory: 32K (ffffffff820b8000 - ffffffff820c0000)
[   12.518654] ftrace: allocating 32127 entries in 126 pages
[   12.614036] smpboot: APIC(0) Converting physical 0 to logical package 0
[   12.677361] smpboot: Max logical packages: 1
[   12.713057] x2apic enabled
[   12.759255] Switched APIC routing to physical x2apic.
[   12.844423] ..TIMER: vector=0x30 apic1=0 pin1=2 apic2=-1 pin2=-1
[   13.085116] smpboot: CPU0: Intel(R) Core(TM) i7-4750HQ CPU @ 2.00GHz (family: 0x6, model: 0x46, stepping: 0x1)
[   13.256760] Performance Events: unsupported p6 CPU model 70 no PMU driver, software events only.
[   13.435704] KVM setup paravirtual spinlock
[   13.521694] x86: Booting SMP configuration:
[   13.595967] .... node  #0, CPUs:      #1
[   13.672967] kvm-clock: cpu 1, msr 0:3ffe3041, secondary cpu clock
[   13.722547] mce: CPU supports 0 MCE banks
[   13.743769] x86: Booted up 1 node, 2 CPUs
[   13.774170] smpboot: Total of 2 processors activated (7981.52 BogoMIPS)
[   13.833394] devtmpfs: initialized
[   13.903468] evm: security.selinux
[   13.960272] evm: security.SMACK64
[   14.017913] evm: security.SMACK64EXEC
[   14.072338] evm: security.SMACK64TRANSMUTE
[   14.139032] evm: security.SMACK64MMAP
[   14.198077] evm: security.ima
[   14.248027] evm: security.capability
[   14.317297] clocksource: jiffies: mask: 0xffffffff max_cycles: 0xffffffff, max_idle_ns: 7645041785100000 ns
[   14.492986] futex hash table entries: 512 (order: 3, 32768 bytes)
[   14.599704] pinctrl core: initialized pinctrl subsystem
[   14.696082] RTC time: 11:22:16, date: 07/28/17
[   14.781188] NET: Registered protocol family 16
[   14.845143] cpuidle: using governor ladder
[   14.884495] cpuidle: using governor menu
[   14.907882] PCCT header not found.
[   14.972186] ACPI: bus type PCI registered
[   15.021585] acpiphp: ACPI Hot Plug PCI Controller Driver version: 0.5
[   15.140373] PCI: Using configuration type 1 for base access
[   15.259068] ACPI: Added _OSI(Module Device)
[   15.343161] ACPI: Added _OSI(Processor Device)
[   15.437012] ACPI: Added _OSI(3.0 _SCP Extensions)
[   15.532676] ACPI: Added _OSI(Processor Aggregator Device)
[   15.569194] ACPI: Executed 1 blocks of module-level executable AML code
[   15.666794] ACPI: Interpreter enabled
[   15.720200] ACPI: (supports S0 S5)
[   15.756331] ACPI: Using IOAPIC for interrupt routing
[   15.813529] PCI: Using host bridge windows from ACPI; if necessary, use "pci=nocrs" and report a bug
[   15.932885] ACPI: PCI Root Bridge [PCI0] (domain 0000 [bus 00-ff])
[   15.980398] acpi PNP0A03:00: _OSC: OS supports [ASPM ClockPM Segments MSI]
[   16.020937] acpi PNP0A03:00: _OSC failed (AE_NOT_FOUND); disabling ASPM
[   16.081463] acpi PNP0A03:00: fail to add MMCONFIG information, can't access extended PCI configuration space under this bridge.
[   16.134247] PCI host bridge to bus 0000:00
[   16.196446] pci_bus 0000:00: root bus resource [io  0x0000-0x0cf7 window]
[   16.316251] pci_bus 0000:00: root bus resource [io  0x0d00-0xffff window]
[   16.444687] pci_bus 0000:00: root bus resource [mem 0x000a0000-0x000bffff window]
[   16.588217] pci_bus 0000:00: root bus resource [mem 0x40000000-0xffdfffff window]
[   16.730238] pci_bus 0000:00: root bus resource [bus 00-ff]
[   16.831058] pci 0000:00:01.1: legacy IDE quirk: reg 0x10: [io  0x01f0-0x01f7]
[   16.955400] pci 0000:00:01.1: legacy IDE quirk: reg 0x14: [io  0x03f6]
[   17.084043] pci 0000:00:01.1: legacy IDE quirk: reg 0x18: [io  0x0170-0x0177]
[   17.145279] pci 0000:00:01.1: legacy IDE quirk: reg 0x1c: [io  0x0376]
[   17.246693] pci 0000:00:07.0: quirk: [io  0x4000-0x403f] claimed by PIIX4 ACPI
[   17.373730] pci 0000:00:07.0: quirk: [io  0x4100-0x410f] claimed by PIIX4 SMB
[   17.511812] ACPI: PCI Interrupt Link [LNKA] (IRQs 5 9 10 *11)
[   17.613348] ACPI: PCI Interrupt Link [LNKB] (IRQs 5 9 10 *11)
[   17.716245] ACPI: PCI Interrupt Link [LNKC] (IRQs 5 9 *10 11)
[   17.804272] ACPI: PCI Interrupt Link [LNKD] (IRQs 5 *9 10 11)
[   17.917523] ACPI: Enabled 2 GPEs in block 00 to 07
[   17.999403] vgaarb: setting as boot device: PCI:0000:00:02.0
[   18.111256] vgaarb: device added: PCI:0000:00:02.0,decodes=io+mem,owns=io+mem,locks=none
[   18.220262] vgaarb: loaded
[   18.238417] vgaarb: bridge control possible 0000:00:02.0
[   18.279987] SCSI subsystem initialized
[   18.320283] ACPI: bus type USB registered
[   18.398791] usbcore: registered new interface driver usbfs
[   18.472051] usbcore: registered new interface driver hub
[   18.577453] usbcore: registered new device driver usb
[   18.664296] PCI: Using ACPI for IRQ routing
[   18.739093] NetLabel: Initializing
[   18.781145] NetLabel:  domain hash size = 128
[   18.857788] NetLabel:  protocols = UNLABELED CIPSOv4
[   18.955230] NetLabel:  unlabeled traffic allowed by default
[   19.036252] amd_nb: Cannot enumerate AMD northbridges
[   19.113566] clocksource: Switched to clocksource kvm-clock
[   19.222056] AppArmor: AppArmor Filesystem Enabled
[   19.335925] pnp: PnP ACPI init
[   19.398947] pnp: PnP ACPI: found 3 devices
[   19.505233] clocksource: acpi_pm: mask: 0xffffff max_cycles: 0xffffff, max_idle_ns: 2085701024 ns
[   19.705151] NET: Registered protocol family 2
[   19.792518] TCP established hash table entries: 8192 (order: 4, 65536 bytes)
[   19.914321] TCP bind hash table entries: 8192 (order: 5, 131072 bytes)
[   20.041811] TCP: Hash tables configured (established 8192 bind 8192)
[   20.203342] UDP hash table entries: 512 (order: 2, 16384 bytes)
[   20.344384] UDP-Lite hash table entries: 512 (order: 2, 16384 bytes)
[   20.463228] NET: Registered protocol family 1
[   20.531515] pci 0000:00:00.0: Limiting direct PCI/PCI transfers
[   20.676917] pci 0000:00:01.0: Activating ISA DMA hang workarounds
[   20.802872] Unpacking initramfs...
[   22.661646] Freeing initrd memory: 10816K (ffff880036ad0000 - ffff880037560000)
[   22.729702] platform rtc_cmos: registered platform RTC device (no PNP device found)
[   22.752362] Scanning for low memory corruption every 60 seconds
[   22.827143] audit: initializing netlink subsys (disabled)
[   22.945033] audit: type=2000 audit(1501240931.715:1): initialized
[   23.071337] Initialise system trusted keyring
[   23.159408] HugeTLB registered 2 MB page size, pre-allocated 0 pages
[   23.280572] zbud: loaded
[   23.375875] VFS: Disk quotas dquot_6.6.0
[   23.445326] VFS: Dquot-cache hash table entries: 512 (order 0, 4096 bytes)
[   23.590235] squashfs: version 4.0 (2009/01/31) Phillip Lougher
[   23.694851] fuse init (API version 7.23)
[   23.778488] tsc: Refined TSC clocksource calibration: 1995.177 MHz
[   23.806527] clocksource: tsc: mask: 0xffffffffffffffff max_cycles: 0x3984c4a283c, max_idle_ns: 881590714136 ns
[   23.883774] Key type big_key registered
[   23.960891] Allocating IMA MOK and blacklist keyrings.
[   24.068207] Key type asymmetric registered
[   24.126089] Asymmetric key parser 'x509' registered
[   24.183572] Block layer SCSI generic (bsg) driver version 0.4 loaded (major 249)
[   24.285333] io scheduler noop registered
[   24.351494] io scheduler deadline registered (default)
[   24.439674] io scheduler cfq registered
[   24.506678] pci_hotplug: PCI Hot Plug PCI Core version: 0.5
[   24.610560] pciehp: PCI Express Hot Plug Controller Driver version: 0.4
[   24.737665] ACPI: AC Adapter [AC] (on-line)
[   24.833412] input: Power Button as /devices/LNXSYSTM:00/LNXPWRBN:00/input/input0
[   24.944227] ACPI: Power Button [PWRF]
[   24.970146] input: Sleep Button as /devices/LNXSYSTM:00/LNXSLPBN:00/input/input1
[   25.052581] ACPI: Sleep Button [SLPF]
[   25.127813] GHES: HEST is not enabled!
[   25.128876] ACPI: Battery Slot [BAT0] (battery present)
[   25.316985] Serial: 8250/16550 driver, 32 ports, IRQ sharing enabled
[   25.516402] 00:02: ttyS0 at I/O 0x3f8 (irq = 4, base_baud = 115200) is a 16550A
[   25.643901] Linux agpgart interface v0.103
[   25.657816] loop: module loaded
[   25.706508] scsi host0: ata_piix
[   25.760976] scsi host1: ata_piix
[   25.833422] ata1: PATA max UDMA/33 cmd 0x1f0 ctl 0x3f6 bmdma 0xd000 irq 14
[   25.995688] ata2: PATA max UDMA/33 cmd 0x170 ctl 0x376 bmdma 0xd008 irq 15
[   26.083955] libphy: Fixed MDIO Bus: probed
[   26.124536] tun: Universal TUN/TAP device driver, 1.6
[   26.238231] tun: (C) 1999-2004 Max Krasnyansky <maxk@qualcomm.com>
[   26.349503] PPP generic driver version 2.4.2
[   26.445262] ehci_hcd: USB 2.0 'Enhanced' Host Controller (EHCI) Driver
[   26.566842] ehci-pci: EHCI PCI platform driver
[   26.644634] ehci-platform: EHCI generic platform driver
[   26.729773] ohci_hcd: USB 1.1 'Open' Host Controller (OHCI) Driver
[   26.875421] ohci-pci: OHCI PCI platform driver
[   26.974652] ohci-platform: OHCI generic platform driver
[   27.113854] uhci_hcd: USB Universal Host Controller Interface driver
[   27.183580] i8042: PNP: PS/2 Controller [PNP0303:PS2K,PNP0f03:PS2M] at 0x60,0x64 irq 1,12
[   27.225230] serio: i8042 KBD port at 0x60,0x64 irq 1
[   27.293963] serio: i8042 AUX port at 0x60,0x64 irq 12
[   27.366670] mousedev: PS/2 mouse device common for all mice
[   27.487432] rtc_cmos rtc_cmos: rtc core: registered rtc_cmos as rtc0
[   27.636184] input: AT Translated Set 2 keyboard as /devices/platform/i8042/serio0/input/input2
[   27.766929] rtc_cmos rtc_cmos: alarms up to one day, 114 bytes nvram
[   27.806977] i2c /dev entries driver
[   27.807775] device-mapper: uevent: version 1.0.3
[   27.846669] device-mapper: ioctl: 4.34.0-ioctl (2015-10-28) initialised: dm-devel@redhat.com
[   27.893058] ledtrig-cpu: registered to indicate activity on CPUs
[   27.902719] NET: Registered protocol family 10
[   27.996326] NET: Registered protocol family 17
[   28.071073] Key type dns_resolver registered
[   28.140538] microcode: CPU0 sig=0x40661, pf=0x40, revision=0x0
[   28.213867] microcode: CPU1 sig=0x40661, pf=0x40, revision=0x0
[   28.277138] microcode: Microcode Update Driver: v2.01 <tigran@aivazian.fsnet.co.uk>, Peter Oruba
[   28.353824] registered taskstats version 1
[   28.427500] Loading compiled-in X.509 certificates
[   28.476838] Loaded X.509 cert 'Build time autogenerated kernel key: 761c03361fb5ffec61c19dca354b3d4126495503'
[   28.655863] zswap: loaded using pool lzo/zbud
[   28.758542] Key type trusted registered
[   28.860706] Key type encrypted registered
[   28.936051] AppArmor: AppArmor sha1 policy hashing enabled
[   29.025904] ima: No TPM chip found, activating TPM-bypass!
[   29.110855] evm: HMAC attrs: 0x1
[   29.158284]   Magic number: 9:100:379
[   29.219920] rtc_cmos rtc_cmos: setting system clock to 2017-07-28 11:22:31 UTC (1501240951)
[   29.357226] BIOS EDD facility v0.16 2004-Jun-25, 0 devices found
[   29.418045] EDD information not available.
[   29.438710] Freeing unused kernel memory: 1484K (ffffffff81f45000 - ffffffff820b8000)
[   29.496978] Write protecting the kernel read-only data: 14336k
[   29.648895] Freeing unused kernel memory: 1760K (ffff880001848000 - ffff880001a00000)
[   29.776945] Freeing unused kernel memory: 112K (ffff880001de4000 - ffff880001e00000)
Loading, please [   29.924359] random: systemd-udevd: uninitialized urandom read (16 bytes read, 4 bits of entropy available)
wait...
startin[   29.924966] random: udevadm: uninitialized urandom read (16 bytes read, 4 bits of entropy available)
g version 229
[   29.924997] random: udevadm: uninitialized urandom read (16 bytes read, 4 bits of entropy available)
[   29.925095] random: udevadm: uninitialized urandom read (16 bytes read, 4 bits of entropy available)
[   29.925131] random: udevadm: uninitialized urandom read (16 bytes read, 4 bits of entropy available)
[   29.925166] random: udevadm: uninitialized urandom read (16 bytes read, 4 bits of entropy available)
[   29.925199] random: udevadm: uninitialized urandom read (16 bytes read, 4 bits of entropy available)
[   29.925230] random: udevadm: uninitialized urandom read (16 bytes read, 4 bits of entropy available)
[   29.925263] random: udevadm: uninitialized urandom read (16 bytes read, 4 bits of entropy available)
[   29.925299] random: udevadm: uninitialized urandom read (16 bytes read, 4 bits of entropy available)
[   31.631780] e1000: Intel(R) PRO/1000 Network Driver - version 7.3.21-k8-NAPI
[   31.655141] e1000: Copyright (c) 1999-2006 Intel Corporation.
[   31.710308] Fusion MPT base driver 3.04.20
[   31.753745] Copyright (c) 1999-2008 LSI Corporation
[   31.841032] AVX version of gcm_enc/dec engaged.
[   31.893968] AES CTR mode by8 optimization enabled
[   31.938960] Fusion MPT SPI Host driver 3.04.20
[   32.137168] input: ImExPS/2 Generic Explorer Mouse as /devices/platform/i8042/serio1/input/input4
[   32.266478] e1000 0000:00:03.0 eth0: (PCI:33MHz:32-bit) 02:c6:92:c1:9f:2a
[   32.407121] e1000 0000:00:03.0 eth0: Intel(R) PRO/1000 Network Connection
[   32.546987] mptbase: ioc0: Initiating bringup
[   32.670310] ioc0: LSI53C1030 A0: Capabilities={Initiator}
[   32.933265] scsi host2: ioc0: LSI53C1030 A0, FwRev=00000000h, Ports=1, MaxQ=256, IRQ=20
[   33.226286] scsi 2:0:0:0: Direct-Access     VBOX     HARDDISK         1.0  PQ: 0 ANSI: 5
[   33.414692] scsi target2:0:0: Beginning Domain Validation
[   33.503755] scsi target2:0:0: Domain Validation skipping write tests
[   33.636005] scsi target2:0:0: Ending Domain Validation
[   33.773770] scsi target2:0:0: asynchronous
[   33.818058] scsi 2:0:1:0: Direct-Access     VBOX     HARDDISK         1.0  PQ: 0 ANSI: 5
[   33.884385] scsi target2:0:1: Beginning Domain Validation
[   33.925826] scsi target2:0:1: Domain Validation skipping write tests
[   34.043547] scsi target2:0:1: Ending Domain Validation
[   34.118578] e1000 0000:00:08.0 eth1: (PCI:33MHz:32-bit) 08:00:27:5e:f3:d3
[   34.118583] e1000 0000:00:08.0 eth1: Intel(R) PRO/1000 Network Connection
[   34.342156] e1000 0000:00:03.0 enp0s3: renamed from eth0
[   34.600138] scsi target2:0:1: asynchronous
[   34.718037] sd 2:0:0:0: [sda] 20971520 512-byte logical blocks: (10.7 GB/10.0 GiB)
[   34.865690] e1000 0000:00:08.0 enp0s8: renamed from eth1
[   34.866222] sd 2:0:0:0: Attached scsi generic sg0 type 0
[   34.866367] sd 2:0:0:0: [sda] Write Protect is off
[   34.866548] sd 2:0:0:0: [sda] Incomplete mode parameter data
[   34.866549] sd 2:0:0:0: [sda] Assuming drive cache: write through
[   34.980635] sd 2:0:1:0: [sdb] 20480 512-byte logical blocks: (10.5 MB/10.0 MiB)
[   34.980835] sd 2:0:1:0: [sdb] Write Protect is off
[   34.980940] sd 2:0:1:0: [sdb] Incomplete mode parameter data
[   34.980941] sd 2:0:1:0: [sdb] Assuming drive cache: write through
[   34.981793]  sda: sda1
[   34.982070] sd 2:0:1:0: Attached scsi generic sg1 type 0
[   34.983257] sd 2:0:1:0: [sdb] Attached SCSI disk
[   34.983628] sd 2:0:0:0: [sda] Attached SCSI disk
[   35.098203] floppy0: no floppy controllers found
Begin: Loading e[   37.460453] md: linear personality registered for level -1
ssential drivers[   37.564134] md: multipath personality registered for level -4
 ... [   37.639141] md: raid0 personality registered for level 0
[   37.751315] md: raid1 personality registered for level 1
[   37.901813] raid6: sse2x1   gen()  8128 MB/s
[   38.061790] raid6: sse2x1   xor()  6185 MB/s
[   38.217636] raid6: sse2x2   gen() 11050 MB/s
[   38.361643] raid6: sse2x2   xor()  6833 MB/s
[   38.465824] raid6: sse2x4   gen() 12923 MB/s
[   38.618001] raid6: sse2x4   xor()  8540 MB/s
[   38.695339] raid6: using algorithm sse2x4 gen() 12923 MB/s
[   38.796819] raid6: .... xor() 8540 MB/s, rmw enabled
[   38.870373] raid6: using ssse3x2 recovery algorithm
[   38.959320] xor: automatically using best checksumming function:
[   39.149916]    avx       : 21206.000 MB/sec
[   39.239967] async_tx: api initialized (async)
[   39.310950] md: raid6 personality registered for level 6
[   39.407625] md: raid5 personality registered for level 5
[   39.453415] md: raid4 personality registered for level 4
[   39.488531] md: raid10 personality registered for level 10
done.
Begin: Running /scripts/init-p[   39.552324] Btrfs loaded
remount ... done.
Begin: Mounting root file system ... Begin: Running /scripts/local-top ... done.
Begin: Running /scripts/local-premount ... Scanning for Btrfs filesystems
done.
Warning: fsck no[   39.665529] EXT4-fs (sda1): mounted filesystem with ordered data mode. Opts: (null)
t present, so skipping root file system
done.
Begin: Running /scripts/local-bottom ... done.
Begin: Running /scripts/init-bottom ... done.
[   39.880699] systemd[1]: systemd 229 running in system mode. (+PAM +AUDIT +SELINUX +IMA +APPARMOR +SMACK +SYSVINIT +UTMP +LIBCRYPTSETUP +GCRYPT +GNUTLS +ACL +XZ -LZ4 +SECCOMP +BLKID +ELFUTILS +KMOD -IDN)
[   40.251972] systemd[1]: Detected virtualization oracle.
[   40.382189] systemd[1]: Detected architecture x86-64.

Welcome to [1mUbuntu 16.04.2 LTS[0m!

[   40.522799] systemd[1]: Set hostname to <ubuntu>.
[   40.617726] systemd[1]: Initializing machine ID from random generator.
[   40.743116] systemd[1]: Installed transient /etc/machine-id file.
[   40.949833] systemd[1]: Reached target User and Group Name Lookups.
[[0;32m  OK  [0m] Reached target User and Group Name Lookups.
[   41.130051] systemd[1]: Listening on Syslog Socket.
[[0;32m  OK  [0m] Listening on Syslog Socket.
[   41.265975] systemd[1]: Listening on Journal Audit Socket.
[[0;32m  OK  [0m] Listening on Journal Audit Socket.
[   41.430294] systemd[1]: Set up automount Arbitrary Executable File Formats File System Automount Point.
[[0;32m  OK  [0m] Set up automount Arbitrary Executab...ats File System Automount Point.
[   41.690179] systemd[1]: Created slice System Slice.
[[0;32m  OK  [0m] Created slice System Slice.
[   41.798150] systemd[1]: Reached target Swap.
[[0;32m  OK  [0m] Reached target Swap.
[   41.922679] systemd[1]: Reached target Encrypted Volumes.
[[0;32m  OK  [0m] Reached target Encrypted Volumes.
[   42.098723] systemd[1]: Created slice User and Session Slice.
[[0;32m  OK  [0m] Created slice User and Session Slice.
[   42.269991] systemd[1]: Reached target Slices.
[[0;32m  OK  [0m] Reached target Slices.
[   42.390220] systemd[1]: Started Forward Password Requests to Wall Directory Watch.
[[0;32m  OK  [0m] Started Forward Password Requests to Wall Directory Watch.
[   42.586011] systemd[1]: Listening on Device-mapper event daemon FIFOs.
[[0;32m  OK  [0m] Listening on Device-mapper event daemon FIFOs.
[   42.778119] systemd[1]: Listening on LVM2 poll daemon socket.
[[0;32m  OK  [0m] Listening on LVM2 poll daemon socket.
[   42.874075] systemd[1]: Started Trigger resolvconf update for networkd DNS.
[[0;32m  OK  [0m] Started Trigger resolvconf update for networkd DNS.
[   43.010451] systemd[1]: Created slice system-serial\x2dgetty.slice.
[[0;32m  OK  [0m] Created slice system-serial\x2dgetty.slice.
[   43.107555] systemd[1]: Listening on Journal Socket.
[[0;32m  OK  [0m] Listening on Journal Socket.
[   43.266026] systemd[1]: Starting Uncomplicated firewall...
         Starting Uncomplicated firewall...
[   43.398455] systemd[1]: Starting Load Kernel Modules...
[   43.494886] random: nonblocking pool is initialized
         [   43.620572] Loading iSCSI transport class v2.0-870.
Starting Load Ke[   43.715956] iscsi: registered transport (tcp)
rnel Modules...
[   43.823690] iscsi: registered transport (iser)
[   43.825840] systemd[1]: Starting Set console keymap...
         Starting Set console keymap...
[   43.915002] systemd[1]: Mounting Debug File System...
         Mounting Debug File System...
[   43.973764] systemd[1]: Mounting POSIX Message Queue File System...
         Mounting POSIX Message Queue File System...
[   44.109953] systemd[1]: Starting Create list of required static device nodes for the current kernel...
         Starting Create list of required st... nodes for the current kernel...
[   44.325776] systemd[1]: Mounting Huge Pages File System...
         Mounting Huge Pages File System...
[   44.466374] systemd[1]: Starting Remount Root and Kernel File Systems...
         [   44.588264] EXT4-fs (sda1): re-mounted. Opts: (null)
Starting Remount Root and Kernel File Systems...
[   44.722337] systemd[1]: Listening on LVM2 metadata daemon socket.
[[0;32m  OK  [0m] Listening on LVM2 metadata daemon socket.
[   44.906589] systemd[1]: Listening on udev Control Socket.
[[0;32m  OK  [0m] Listening on udev Control Socket.
[   45.057906] systemd[1]: Listening on udev Kernel Socket.
[[0;32m  OK  [0m] Listening on udev Kernel Socket.
[   45.190408] systemd[1]: Listening on /dev/initctl Compatibility Named Pipe.
[[0;32m  OK  [0m] Listening on /dev/initctl Compatibility Named Pipe.
[   45.402159] systemd[1]: Listening on Journal Socket (/dev/log).
[[0;32m  OK  [0m] Listening on Journal Socket (/dev/log).
[   45.586299] systemd[1]: Starting Journal Service...
         Starting Journal Service...
[   45.710449] systemd[1]: Starting Nameserver information manager...
         Starting Nameserver information manager...
[   45.873995] systemd[1]: Starting Monitoring of LVM2 mirrors, snapshots etc. using dmeventd or progress polling...
         Starting Monitoring of LVM2 mirrors... dmeventd or progress polling...
[   46.150769] systemd[1]: Mounted Debug File System.
[[0;32m  OK  [0m] Mounted Debug File System.
[   46.222126] systemd[1]: Mounted POSIX Message Queue File System.
[[0;32m  OK  [0m] Mounted POSIX Message Queue File System.
[   46.418197] systemd[1]: Mounted Huge Pages File System.
[[0;32m  OK  [0m] Mounted Huge Pages File System.
[   46.570351] systemd[1]: Started Journal Service.
[[0;32m  OK  [0m] Started Journal Service.
[[0;32m  OK  [0m] Started Uncomplicated firewall.
[[0;32m  OK  [0m] Started Load Kernel Modules.
[[0;32m  OK  [0m] Started Set console keymap.
[[0;32m  OK  [0m] Started Create list of required sta...ce nodes for the current kernel.
[[0;32m  OK  [0m] Started Remount Root and Kernel File Systems.
[[0;32m  OK  [0m] Started Nameserver information manager.
[[0;32m  OK  [0m] Started LVM2 metadata daemon.
         Starting Initial cloud-init job (pre-networking)...
         Starting udev Coldplug all Devices...
         Starting Load/Save Random Seed...
         Starting Create Static Device Nodes in /dev...
         Starting Apply Kernel Variables...
         Mounting FUSE Control File System...
         Starting Flush Journal to Persistent Storage...
[[0;32m  OK  [0m] Mounted FUSE Control File System.
[[0;32m  OK  [0m] Started Monitoring of LVM2 mirrors,...ng dmeventd or progress polling.
[[0;32m  OK  [0m] Started Load/Save Random Seed.
[[0;32m  OK  [0m] Started Create Static Device Nodes in /dev.
[[0;32m  OK  [0m] Started Apply Kernel Variables.
[[0;32m  OK  [0m] Started udev Coldplug all Devices.
[[0;32m  OK  [0m] Started Flush Journal to Persistent Storage.
         Starting udev Kernel Device Manager...
[[0;32m  OK  [0m] Started udev Kernel Device Manager.
[[0;32m  OK  [0m] Reached target Local File Systems (Pre).
[[0;32m  OK  [0m] Reached target Local File Systems.
[   29.487431] cloud-init[442]: Cloud-init v. 0.7.9 running 'init-local' at Fri, 28 Jul 2017 11:22:49 +0000. Up 29.27 seconds.
         Starting Tell Plymouth To Write Out Runtime Data...
         Starting Create Volatile Files and Directories...
         Starting Set console font and keymap...
         Starting Commit a transient machine-id on disk...
         Starting LSB: AppArmor initialization...
[[0;32m  OK  [0m] Started Dispatch Password Requests to Console Directory Watch.
[[0;32m  OK  [0m] Started Tell Plymouth To Write Out Runtime Data.
[[0;32m  OK  [0m] Started Create Volatile Files and Directories.
[[0;32m  OK  [0m] Started Set console font and keymap.
[[0;32m  OK  [0m] Started Commit a transient machine-id on disk.
[[0;32m  OK  [0m] Started Initial cloud-init job (pre-networking).
[[0;32m  OK  [0m] Found device /dev/ttyS0.
[[0;32m  OK  [0m] Listening on Load/Save RF Kill Switch Status /dev/rfkill Watch.
[[0;32m  OK  [0m] Reached target Network (Pre).
[[0;32m  OK  [0m] Created slice system-getty.slice.
         Starting Update UTMP about System Boot/Shutdown...
[[0;32m  OK  [0m] Reached target System Time Synchronized.
[[0;32m  OK  [0m] Started Update UTMP about System Boot/Shutdown.
[[0;32m  OK  [0m] Started LSB: AppArmor initialization.
[[0;32m  OK  [0m] Started ifup for enp0s3.
         Starting Raise network interfaces...
[[0;32m  OK  [0m] Started Raise network interfaces.
[[0;32m  OK  [0m] Reached target Network.
         Starting Initial cloud-init job (metadata service crawler)...
[   33.448115] cloud-init[970]: Cloud-init v. 0.7.9 running 'init' at Fri, 28 Jul 2017 11:22:53 +0000. Up 33.01 seconds.
[   33.544546] cloud-init[970]: ci-info: ++++++++++++++++++++++++++++++++++++++Net device info++++++++++++++++++++++++++++++++++++++
[   33.545051] cloud-init[970]: ci-info: +--------+-------+----------------------------+---------------+-------+-------------------+
[[0;32m  OK  [0m] Started Initial cloud-init job (metadata service crawler).
[   33.545224] cloud-init[970]: ci-info: | Device |   Up  |          Address           |      Mask     | Scope |     Hw-Address    |
[[   33.880630] cloud-init[970]: ci-info: +--------+-------+----------------------------+---------------+-------+-------------------+
[   33.881005] cloud-init[970]: ci-info: |   lo   |  True |         127.0.0.1          |   255.0.0.0   |   .   |         .         |
[0;32m  OK  [0m] Reached target Cloud-config availability.
[[   33.881135] cloud-init[970]: ci-info: |   lo   |  True |          ::1/128           |       .       |  host |         .         |
[   34.105685] cloud-init[970]: ci-info: | enp0s8 | False |             .              |       .       |   .   | 08:00:27:5e:f3:d3 |
[0;32m  OK  [0m] Reached target Network is Online.
[   34.105893] cloud-init[970]: ci-info: | enp0s3 |  True |         10.0.2.15          | 255.255.255.0 |   .   | 02:c6:92:c1:9f:2a |
[   34.440362] cloud-init[970]: ci-info: | enp0s3 |  True | fe80::c6:92ff:fec1:9f2a/64 |       .       |  link | 02:c6:92:c1:9f:2a |
[   34.440750] cloud-init[970]: ci-info: +--------+-------+----------------------------+---------------+-------+-------------------+
         Starting iSCSI initiator daemon (iscsid)...
[[   34.440898] cloud-init[970]: ci-info: +++++++++++++++++++++++++++Route IPv4 info++++++++++++++++++++++++++++
[0;32m  OK  [0m] Reached target System Initialization.
[[   34.622638] cloud-init[970]: ci-info: +-------+-------------+----------+---------------+-----------+-------+
[   34.745746] cloud-init[970]: ci-info: | Route | Destination | Gateway  |    Genmask    | Interface | Flags |
[0;32m  OK  [0m] Started Daily Cleanup of Temporary Directories.
[   34.745897] cloud-init[970]: ci-info: +-------+-------------+----------+---------------+-----------+-------+
[   35.004565] cloud-init[970]: ci-info: |   0   |   0.0.0.0   | 10.0.2.2 |    0.0.0.0    |   enp0s3  |   UG  |
[   35.004994] cloud-init[970]: ci-info: |   1   |   10.0.2.0  | 0.0.0.0  | 255.255.255.0 |   enp0s3  |   U   |
[[0;32m  OK  [0m] Started ACPI Events Check.
[[   35.005164] cloud-init[970]: ci-info: +-------+-------------+----------+---------------+-----------+-------+
[0;32m  OK  [0m] Reached target Paths.
[   35.209590] cloud-init[970]: Generating public/private rsa key pair.
[   35.388510] cloud-init[970]: Your identification has been saved in /etc/ssh/ssh_host_rsa_key.
[   35.388797] cloud-init[970]: Your public key has been saved in /etc/ssh/ssh_host_rsa_key.pub.
         Starting LXD - unix socket.
[   35.388984] cloud-init[970]: The key fingerprint is:
[   35.545068] cloud-init[970]: SHA256:PNOHrx+f1wc4WlLRFD/Y8XVPgDq1zO7+Gtm6GOE2/yQ root@ubuntu-xenial
[[0;32m  OK  [0m] Listening on ACPID Listen Socket.
[   35.545182] cloud-init[970]: The key's randomart image is:
[[0;32m  OK  [0m] Listening on UUID daemon activation socket.
         Starting Socket activation for snappy daemon.
[   35.681454] cloud-init[970]: +---[RSA 2048]----+
[   35.848809] cloud-init[970]: |             ++++|
[   35.849078] cloud-init[970]: |            + +o*|
[[0;32m  OK  [0m] Started Timer to automatically refresh installed snaps.
[[   35.849268] cloud-init[970]: |           = + o+|
[   35.985664] cloud-init[970]: |       . .o.=   .|
[0;32m  OK  [0m] Started Daily apt activities.
[[   35.985775] cloud-init[970]: |        S ++..   |
[   36.101302] cloud-init[970]: |         +.+=o.  |
[0;32m  OK  [0m] Reached target Timers.
[   36.101420] cloud-init[970]: |          ==E.o..|
[   36.201164] cloud-init[970]: |         ..*.B .+|
[[0;32m  OK  [0m] Listening on D-Bus System Message Bus Socket.
[   36.201292] cloud-init[970]: |          ooB==..|
[   36.377000] cloud-init[970]: +----[SHA256]-----+
[   36.377404] cloud-init[970]: Generating public/private dsa key pair.
[[0;32m  OK  [0m] Listening on LXD - unix socket.
[   36.377589] cloud-init[970]: Your identification has been saved in /etc/ssh/ssh_host_dsa_key.
[   36.513026] cloud-init[970]: Your public key has been saved in /etc/ssh/ssh_host_dsa_key.pub.
[[0;32m  OK  [0m] Listening on Socket activation for snappy daemon.
[   36.513185] cloud-init[970]: The key fingerprint is:
[   36.692754] cloud-init[970]: SHA256:pGb21PVuniBpBeax8p2senlPnAi/11FwQuKt0a3ncB4 root@ubuntu-xenial
[[0;32m  OK  [0m] Started iSCSI initiator daemon (iscsid).
[   36.692875] cloud-init[970]: The key's randomart image is:
[   36.868567] cloud-init[970]: +---[DSA 1024]----+
[   36.868985] cloud-init[970]: |            ...  |
         Starting Login to default iSCSI targets...
[[   36.869195] cloud-init[970]: |           . +o..|
[   36.977062] cloud-init[970]: |        . + + o+.|
[0;32m  OK  [0m] Reached target Sockets.
[[   36.977200] cloud-init[970]: |       o + = + ..|
[   37.085109] cloud-init[970]: |      = S = o +E+|
[0;32m  OK  [0m] Reached target Basic System.
[   37.085235] cloud-init[970]: |     + o o B = O.|
[   37.236859] cloud-init[970]: |        . =.B *.+|
[   37.237342] cloud-init[970]: |         .oo.*...|
         Starting System Logging Service...
[   37.237603] cloud-init[970]: |        .o...o+  |
[   37.392344] cloud-init[970]: +----[SHA256]-----+
         Starting Accounts Service...
[   37.392734] cloud-init[970]: Generating public/private ecdsa key pair.
[   37.465127] cloud-init[970]: Your identification has been saved in /etc/ssh/ssh_host_ecdsa_key.
[   37.465715] cloud-init[970]: Your public key has been saved in /etc/ssh/ssh_host_ecdsa_key.pub.
         Starting /etc/rc.local Compatibility...
[   37.465955] cloud-init[970]: The key fingerprint is:
[   37.688611] cloud-init[970]: SHA256:i5p9K0JabINjZ1EnPyGErSc+ucRSyToogLpaKW1B06c root@ubuntu-xenial
[   37.688892] cloud-init[970]: The key's randomart image is:
         Starting Login Service...
[   37.689018] cloud-init[970]: +---[ECDSA 256]---+
[   37.840388] cloud-init[970]: |     +.          |
[   37.840596] cloud-init[970]: |   .. = o        |
         Starting Pollinate to seed the pseudo random number generator...
[   37.840737] cloud-init[970]: |. o..+.= .       |
[   37.988676] cloud-init[970]: |o. .Bo. o        |
[   37.988963] cloud-init[970]: |o..BE=  S.       |
         Starting Apply the settings specified in cloud-config...
[   37.989229] cloud-init[970]: |+.Bo#  . .       |
[   38.148275] cloud-init[970]: |oo=% +. .        |
[[0;32m  OK  [0m] Started Snappy daemon.
[   38.187477] cloud-init[970]: |.+. o+. .        |
         Starting Auto import assertions from block devices...
[   38.314743] cloud-init[970]: |o   o..o..       |
[   38.430611] [cloud-init[0;32m  OK  [0m[970]: ] +----[SHA256]-----+Started Deferred execution scheduler.

[   38.431023] cloud-init[970]: Generating public/private ed25519 key pair.
[   38.584523]          cloud-initStarting LSB: MD monitoring daemon...[970]: 
Your identification has been saved in /etc/ssh/ssh_host_ed25519_key.
[   38.697239] [cloud-init[0;32m  OK  [0m[970]: ] Your public key has been saved in /etc/ssh/ssh_host_ed25519_key.pub.Started Unattended Upgrades Shutdown.

[   38.697673] cloud-init[970]: The key fingerprint is:
[   38.840328]          cloud-initStarting LSB: Record successful boot for GRUB...[970]: 
SHA256:rtC3kNS6jK20DOXyystG8njVH1E/8Gwzb8Wo75ztw4c root@ubuntu-xenial
[   38.961055] [cloud-init[0;32m  OK  [0m[970]: ] The key's randomart image is:Started D-Bus System Message Bus.

[   38.961479] cloud-init[970]: +--[ED25519 256]--+
[   39.072446] [cloud-init[0;32m  OK  [0m[970]: ] |                 |Started Regular background program processing daemon.

[   39.072846] cloud-init[970]: |          o      |
[[0;32m  OK  [0m] Started ACPI event daemon.
[   39.196523] cloud-init[970]: |         . =   o |
[   39.285005] [cloud-init[0;32m  OK  [0m[970]: ] |       ..   O . o|Started FUSE filesystem for LXC.

[   39.333138]          Starting LXD - container startup/shutdown...
cloud-init[970]: |    ... S. . * . |
[   39.337914] [[0;32m  OK  [0m] Started System Logging Service.
cloud-init[970]: |. .o.o.+.   . o  |
[   39.364320] [cloud-init[0;32m  OK  [0m[970]: ] | =o.+ =.o.   o.. |Started /etc/rc.local Compatibility.

[   39.364754] cloud-init[970]: |.o+* * =..   .E=.|
[[0;32m  OK  [0m] Started Pollinate to seed the pseudo random number generator.
[   39.441100] cloud-init[970]: | o=o*.= .    .+.=|
[   39.556527] [cloud-init[0;32m  OK  [0m[970]: ] +----[SHA256]-----+Started Auto import assertions from block devices.

[[0;32m  OK  [0m] Started LXD - container startup/shutdown.
[   39.648146] cloud-init[1121]: Generating locales (this might take a while)...
[   39.734539] [[0;32m  OK  [0m] Started Login to default iSCSI targets.
cloud-init[1121]:   en_US.UTF-8... done
[   39.788607] [cloud-init[0;32m  OK  [0m[1121]: ] Generation complete.Started LSB: MD monitoring daemon.

[[0;32m  OK  [0m] Started LSB: Record successful boot for GRUB.
[[0;32m  OK  [0m] Started Login Service.
         Starting Authenticate and Authorize Users to Run Privileged Tasks...
[[0;32m  OK  [0m] Reached target Remote File Systems (Pre).
[[0;32m  OK  [0m] Reached target Remote File Systems.
         Starting LSB: Set the CPU Frequency Scaling governor to "ondemand"...
         Starting LSB: daemon to balance interrupts for SMP systems...
         Starting LSB: automatic crash report generation...
         Starting Permit User Sessions...
         Starting LSB: VirtualBox Linux Additions...
[[0;32m  OK  [0m] Stopped OpenBSD Secure Shell server.
         Starting OpenBSD Secure Shell server...
[[0;32m  OK  [0m] Started OpenBSD Secure Shell server.
[[0;32m  OK  [0m] Started Permit User Sessions.
[[0;32m  OK  [0m] Started Authenticate and Authorize Users to Run Privileged Tasks.
[[0;32m  OK  [0m] Started Accounts Service.
[[0;32m  OK  [0m] Started LSB: Set the CPU Frequency Scaling governor to "ondemand".
[[0;32m  OK  [0m] Started LSB: daemon to balance interrupts for SMP systems.
[[0;32m  OK  [0m] Created slice User Slice of ubuntu.
[   40.705925] cloud-init[1121]: Cloud-init v. 0.7.9 running 'modules:config' at Fri, 28 Jul 2017 11:22:58 +0000. Up 38.28 seconds.
         Starting User Manager for UID 1000...
[[0;32m  OK  [0m] Started Session 1 of user ubuntu.
         Starting Terminate Plymouth Boot Screen...
         Starting Hold until boot process finishes up...
[[0;32m  OK  [0m] Started User Manager for UID 1000.
[[0;32m  OK  [0m] Started Apply the settings specified in cloud-config.
[[0;32m  OK  [0m] Started LSB: automatic crash report generation.
[[0;32m  OK  [0m] Started Terminate Plymouth Boot Screen.
[[0;32m  OK  [0m] Started Hold until boot process finishes up.
[[0;32m  OK  [0m] Started Getty on tty1.
[[0;32m  OK  [0m] Started Serial Getty on ttyS0.
[[0;32m  OK  [0m] Reached target Login Prompts.
         Starting Set console scheme...
[[0;32m  OK  [0m] Started LSB: VirtualBox Linux Additions.
[[0;32m  OK  [0m] Started Set console scheme.
[[0;32m  OK  [0m] Reached target Multi-User System.
         Starting Execute cloud user/final scripts...
[[0;32m  OK  [0m] Reached target Graphical Interface.
         Starting Update UTMP about System Runlevel Changes...
[[0;32m  OK  [0m] Started Update UTMP about System Runlevel Changes.
ci-info: no authorized ssh keys fingerprints found for user ubuntu.
<14>Jul 28 11:23:02 ec2: 
<14>Jul 28 11:23:02 ec2: #############################################################
<14>Jul 28 11:23:02 ec2: -----BEGIN SSH HOST KEY FINGERPRINTS-----
<14>Jul 28 11:23:02 ec2: 1024 SHA256:pGb21PVuniBpBeax8p2senlPnAi/11FwQuKt0a3ncB4 root@ubuntu-xenial (DSA)
<14>Jul 28 11:23:02 ec2: 256 SHA256:i5p9K0JabINjZ1EnPyGErSc+ucRSyToogLpaKW1B06c root@ubuntu-xenial (ECDSA)
<14>Jul 28 11:23:02 ec2: 256 SHA256:rtC3kNS6jK20DOXyystG8njVH1E/8Gwzb8Wo75ztw4c root@ubuntu-xenial (ED25519)
<14>Jul 28 11:23:02 ec2: 2048 SHA256:PNOHrx+f1wc4WlLRFD/Y8XVPgDq1zO7+Gtm6GOE2/yQ root@ubuntu-xenial (RSA)
<14>Jul 28 11:23:02 ec2: -----END SSH HOST KEY FINGERPRINTS-----
<14>Jul 28 11:23:02 ec2: #############################################################
-----BEGIN SSH HOST KEY KEYS-----
ecdsa-sha2-nistp256 AAAAE2VjZHNhLXNoYTItbmlzdHAyNTYAAAAIbmlzdHAyNTYAAABBBKh6S6JnELi51p9bQ/7QfRvdsNgyAfxJV3xjMBFLW17gc+KA/Kh8DiSu0Uy9uQa3SqKdASbzVRVTf0noNlJZLi4= root@ubuntu-xenial
ssh-ed25519 AAAAC3NzaC1lZDI1NTE5AAAAIPOCdJi1aC3jfg5AkJiZx4rE6fzrFhaMQuCIOWnLr/yy root@ubuntu-xenial
ssh-rsa AAAAB3NzaC1yc2EAAAADAQABAAABAQDcJPvpPorFZbASV/WQR+A2UJjVfPe+u1TEhIFYVvf/vgkCw4pcxrerZuATZ7pHUkpArtZIdTJ0xEsp1avSFCLAwYWMLH2FwjzU+3b3+I+3zPaxKzewfnE16C5UPgUVZwqKPDha7TUcQawghLuzSAe9ltD7BkUGk8jHFWradsPWCE4IILhIc12K+B5fbpJD2svlomUb3ovoPFQk0/XzOVPf4BHYH1yG+2aJTVuaS2zXTFh5724+DFkZjdod021nUpHoWkMscWyWkhlxBd9S2Ml26mnYqBdJFpZQNhUg7H2j07t/eGGFW6rzs147Ze9AP5Hdd1knh70dM5eWIHPBMG/z root@ubuntu-xenial
-----END SSH HOST KEY KEYS-----
[[0;32m  OK  [0m] Started Session 2 of user ubuntu.
[   42.938084] cloud-init[1334]: Cloud-init v. 0.7.9 running 'modules:final' at Fri, 28 Jul 2017 11:23:02 +0000. Up 41.81 seconds.
[   43.040779] cloud-init[1334]: ci-info: no authorized ssh keys fingerprints found for user ubuntu.
[[0;32m  OK  [0m] Started Execute cloud user/final scripts.
[   43.041404] cloud-init[1334]: Cloud-init v. 0.7.9 finished at Fri, 28 Jul 2017 11:23:03 +0000. Datasource DataSourceNoCloud [seed=/dev/sdb][dsmode=net].  Up 42.92 seconds
[[0;32m  OK  [0m] Reached target Cloud-init target.

Ubuntu 16.04.2 LTS ubuntu-xenial ttyS0

ubuntu-xenial login: 